This file contains any messages produced by compilers while
running configure, to aid debugging if configure makes a mistake.

It was created by Competition Doom configure 2.0.3.1, which was
generated by GNU Autoconf 2.69.  Invocation command line was

  $ ./configure 

## --------- ##
## Platform. ##
## --------- ##

hostname = debian
uname -m = x86_64
uname -r = 3.14-2-amd64
uname -s = Linux
uname -v = #1 SMP Debian 3.14.15-2 (2014-08-09)

/usr/bin/uname -p = unknown
/bin/uname -X     = unknown

/bin/arch              = unknown
/usr/bin/arch -k       = unknown
/usr/convex/getsysinfo = unknown
/usr/bin/hostinfo      = unknown
/bin/machine           = unknown
/usr/bin/oslevel       = unknown
/bin/universe          = unknown

PATH: /usr/local/sbin
PATH: /usr/local/bin
PATH: /usr/sbin
PATH: /usr/bin
PATH: /sbin
PATH: /bin


## ----------- ##
## Core tests. ##
## ----------- ##

configure:2268: checking for gcc
configure:2284: found /usr/bin/gcc
configure:2295: result: gcc
configure:2524: checking for C compiler version
configure:2533: gcc --version >&5
gcc (Debian 4.9.1-16) 4.9.1
Copyright (C) 2014 Free Software Foundation, Inc.
This is free software; see the source for copying conditions.  There is NO
warranty; not even for MERCHANTABILITY or FITNESS FOR A PARTICULAR PURPOSE.

configure:2544: $? = 0
configure:2533: gcc -v >&5
Using built-in specs.
COLLECT_GCC=gcc
COLLECT_LTO_WRAPPER=/usr/lib/gcc/x86_64-linux-gnu/4.9/lto-wrapper
Target: x86_64-linux-gnu
Configured with: ../src/configure -v --with-pkgversion='Debian 4.9.1-16' --with-bugurl=file:///usr/share/doc/gcc-4.9/README.Bugs --enable-languages=c,c++,java,go,d,fortran,objc,obj-c++ --prefix=/usr --program-suffix=-4.9 --enable-shared --enable-linker-build-id --libexecdir=/usr/lib --without-included-gettext --enable-threads=posix --with-gxx-include-dir=/usr/include/c++/4.9 --libdir=/usr/lib --enable-nls --with-sysroot=/ --enable-clocale=gnu --enable-libstdcxx-debug --enable-libstdcxx-time=yes --enable-gnu-unique-object --disable-vtable-verify --enable-plugin --with-system-zlib --disable-browser-plugin --enable-java-awt=gtk --enable-gtk-cairo --with-java-home=/usr/lib/jvm/java-1.5.0-gcj-4.9-amd64/jre --enable-java-home --with-jvm-root-dir=/usr/lib/jvm/java-1.5.0-gcj-4.9-amd64 --with-jvm-jar-dir=/usr/lib/jvm-exports/java-1.5.0-gcj-4.9-amd64 --with-arch-directory=amd64 --with-ecj-jar=/usr/share/java/eclipse-ecj.jar --enable-objc-gc --enable-multiarch --with-arch-32=i586 --with-abi=m64 --with-multilib-list=m32,m64,mx32 --enable-multilib --with-tune=generic --enable-checking=release --build=x86_64-linux-gnu --host=x86_64-linux-gnu --target=x86_64-linux-gnu
Thread model: posix
gcc version 4.9.1 (Debian 4.9.1-16) 
configure:2544: $? = 0
configure:2533: gcc -V >&5
gcc: error: unrecognized command line option '-V'
gcc: fatal error: no input files
compilation terminated.
configure:2544: $? = 4
configure:2533: gcc -qversion >&5
gcc: error: unrecognized command line option '-qversion'
gcc: fatal error: no input files
compilation terminated.
configure:2544: $? = 4
configure:2564: checking whether the C compiler works
configure:2586: gcc  -I/usr/include -L/usr/lib/ conftest.c  >&5
configure:2590: $? = 0
configure:2638: result: yes
configure:2641: checking for C compiler default output file name
configure:2643: result: a.out
configure:2649: checking for suffix of executables
configure:2656: gcc -o conftest  -I/usr/include -L/usr/lib/ conftest.c  >&5
configure:2660: $? = 0
configure:2682: result: 
configure:2704: checking whether we are cross compiling
configure:2712: gcc -o conftest  -I/usr/include -L/usr/lib/ conftest.c  >&5
configure:2716: $? = 0
configure:2723: ./conftest
configure:2727: $? = 0
configure:2742: result: no
configure:2747: checking for suffix of object files
configure:2769: gcc -c  -I/usr/include conftest.c >&5
configure:2773: $? = 0
configure:2794: result: o
configure:2798: checking whether we are using the GNU C compiler
configure:2817: gcc -c  -I/usr/include conftest.c >&5
configure:2817: $? = 0
configure:2826: result: yes
configure:2835: checking whether gcc accepts -g
configure:2855: gcc -c -g -I/usr/include conftest.c >&5
configure:2855: $? = 0
configure:2896: result: yes
configure:2913: checking for gcc option to accept ISO C89
configure:2976: gcc  -c -g -O2 -I/usr/include conftest.c >&5
configure:2976: $? = 0
configure:2989: result: none needed
configure:3017: checking whether gcc understands -c and -o together
configure:3039: gcc -c conftest.c -o conftest2.o
configure:3042: $? = 0
configure:3039: gcc -c conftest.c -o conftest2.o
configure:3042: $? = 0
configure:3054: result: yes
configure:3114: checking for ranlib
configure:3130: found /usr/bin/ranlib
configure:3141: result: ranlib
configure:3165: checking for python
configure:3181: found /usr/bin/python
configure:3193: result: true
configure:3266: checking for sdl-config
configure:3284: found /usr/bin/sdl-config
configure:3297: result: /usr/bin/sdl-config
configure:3307: checking for SDL - version >= 1.1.3
configure:3394: gcc -o conftest -O2 -g -Wall -Wdeclaration-after-statement -Wredundant-decls  -I/usr/include/SDL -D_GNU_SOURCE=1 -D_REENTRANT -I/usr/include -L/usr/lib/ conftest.c  -L/usr/lib/x86_64-linux-gnu -lSDL >&5
configure:3394: $? = 0
configure:3394: ./conftest
configure:3394: $? = 0
configure:3409: result: yes
configure:3501: checking how to run the C preprocessor
configure:3532: gcc -E -I/usr/include conftest.c
configure:3532: $? = 0
configure:3546: gcc -E -I/usr/include conftest.c
conftest.c:9:28: fatal error: ac_nonexistent.h: No such file or directory
 #include <ac_nonexistent.h>
                            ^
compilation terminated.
configure:3546: $? = 1
configure: failed program was:
| /* confdefs.h */
| #define PACKAGE_NAME "Competition Doom"
| #define PACKAGE_TARNAME "cndoom"
| #define PACKAGE_VERSION "2.0.3.1"
| #define PACKAGE_STRING "Competition Doom 2.0.3.1"
| #define PACKAGE_BUGREPORT "admin@doom.com.hr"
| #define PACKAGE_URL ""
| /* end confdefs.h.  */
| #include <ac_nonexistent.h>
configure:3571: result: gcc -E
configure:3591: gcc -E -I/usr/include conftest.c
configure:3591: $? = 0
configure:3605: gcc -E -I/usr/include conftest.c
conftest.c:9:28: fatal error: ac_nonexistent.h: No such file or directory
 #include <ac_nonexistent.h>
                            ^
compilation terminated.
configure:3605: $? = 1
configure: failed program was:
| /* confdefs.h */
| #define PACKAGE_NAME "Competition Doom"
| #define PACKAGE_TARNAME "cndoom"
| #define PACKAGE_VERSION "2.0.3.1"
| #define PACKAGE_STRING "Competition Doom 2.0.3.1"
| #define PACKAGE_BUGREPORT "admin@doom.com.hr"
| #define PACKAGE_URL ""
| /* end confdefs.h.  */
| #include <ac_nonexistent.h>
configure:3634: checking for grep that handles long lines and -e
configure:3692: result: /bin/grep
configure:3697: checking for egrep
configure:3759: result: /bin/grep -E
configure:3764: checking for ANSI C header files
configure:3784: gcc -c -O2 -g -Wall -Wdeclaration-after-statement -Wredundant-decls  -I/usr/include/SDL -D_GNU_SOURCE=1 -D_REENTRANT -I/usr/include conftest.c >&5
configure:3784: $? = 0
configure:3857: gcc -o conftest -O2 -g -Wall -Wdeclaration-after-statement -Wredundant-decls  -I/usr/include/SDL -D_GNU_SOURCE=1 -D_REENTRANT -I/usr/include -L/usr/lib/ -L/usr/lib/x86_64-linux-gnu -lSDL conftest.c  >&5
configure:3857: $? = 0
configure:3857: ./conftest
configure:3857: $? = 0
configure:3868: result: yes
configure:3881: checking for sys/types.h
configure:3881: gcc -c -O2 -g -Wall -Wdeclaration-after-statement -Wredundant-decls  -I/usr/include/SDL -D_GNU_SOURCE=1 -D_REENTRANT -I/usr/include conftest.c >&5
configure:3881: $? = 0
configure:3881: result: yes
configure:3881: checking for sys/stat.h
configure:3881: gcc -c -O2 -g -Wall -Wdeclaration-after-statement -Wredundant-decls  -I/usr/include/SDL -D_GNU_SOURCE=1 -D_REENTRANT -I/usr/include conftest.c >&5
configure:3881: $? = 0
configure:3881: result: yes
configure:3881: checking for stdlib.h
configure:3881: gcc -c -O2 -g -Wall -Wdeclaration-after-statement -Wredundant-decls  -I/usr/include/SDL -D_GNU_SOURCE=1 -D_REENTRANT -I/usr/include conftest.c >&5
configure:3881: $? = 0
configure:3881: result: yes
configure:3881: checking for string.h
configure:3881: gcc -c -O2 -g -Wall -Wdeclaration-after-statement -Wredundant-decls  -I/usr/include/SDL -D_GNU_SOURCE=1 -D_REENTRANT -I/usr/include conftest.c >&5
configure:3881: $? = 0
configure:3881: result: yes
configure:3881: checking for memory.h
configure:3881: gcc -c -O2 -g -Wall -Wdeclaration-after-statement -Wredundant-decls  -I/usr/include/SDL -D_GNU_SOURCE=1 -D_REENTRANT -I/usr/include conftest.c >&5
configure:3881: $? = 0
configure:3881: result: yes
configure:3881: checking for strings.h
configure:3881: gcc -c -O2 -g -Wall -Wdeclaration-after-statement -Wredundant-decls  -I/usr/include/SDL -D_GNU_SOURCE=1 -D_REENTRANT -I/usr/include conftest.c >&5
configure:3881: $? = 0
configure:3881: result: yes
configure:3881: checking for inttypes.h
configure:3881: gcc -c -O2 -g -Wall -Wdeclaration-after-statement -Wredundant-decls  -I/usr/include/SDL -D_GNU_SOURCE=1 -D_REENTRANT -I/usr/include conftest.c >&5
configure:3881: $? = 0
configure:3881: result: yes
configure:3881: checking for stdint.h
configure:3881: gcc -c -O2 -g -Wall -Wdeclaration-after-statement -Wredundant-decls  -I/usr/include/SDL -D_GNU_SOURCE=1 -D_REENTRANT -I/usr/include conftest.c >&5
configure:3881: $? = 0
configure:3881: result: yes
configure:3881: checking for unistd.h
configure:3881: gcc -c -O2 -g -Wall -Wdeclaration-after-statement -Wredundant-decls  -I/usr/include/SDL -D_GNU_SOURCE=1 -D_REENTRANT -I/usr/include conftest.c >&5
configure:3881: $? = 0
configure:3881: result: yes
configure:3908: gcc -o conftest -O2 -g -Wall -Wdeclaration-after-statement -Wredundant-decls  -I/usr/include/SDL -D_GNU_SOURCE=1 -D_REENTRANT -I/usr/include -L/usr/lib/ -L/usr/lib/x86_64-linux-gnu -lSDL conftest.c  >&5
configure:3908: $? = 0
configure:3933: gcc -o conftest -O2 -g -Wall -Wdeclaration-after-statement -Wredundant-decls  -I/usr/include/SDL -D_GNU_SOURCE=1 -D_REENTRANT -I/usr/include -L/usr/lib/ -L/usr/lib/x86_64-linux-gnu -lSDL conftest.c  >&5
configure:3933: $? = 0
configure:3950: checking for Mix_LoadMUS in -lSDL_mixer
configure:3975: gcc -o conftest -O2 -g -Wall -Wdeclaration-after-statement -Wredundant-decls  -I/usr/include/SDL -D_GNU_SOURCE=1 -D_REENTRANT -I/usr/include -L/usr/lib/ -L/usr/lib/x86_64-linux-gnu -lSDL conftest.c -lSDL_mixer   >&5
configure:3975: $? = 0
configure:3984: result: yes
configure:4000: checking for SDLNet_UDP_Send in -lSDL_net
configure:4025: gcc -o conftest -O2 -g -Wall -Wdeclaration-after-statement -Wredundant-decls  -I/usr/include/SDL -D_GNU_SOURCE=1 -D_REENTRANT -I/usr/include -L/usr/lib/ -L/usr/lib/x86_64-linux-gnu -lSDL conftest.c -lSDL_net   >&5
configure:4025: $? = 0
configure:4034: result: yes
configure:4055: checking for src_new in -lsamplerate
configure:4080: gcc -o conftest -O2 -g -Wall -Wdeclaration-after-statement -Wredundant-decls  -I/usr/include/SDL -D_GNU_SOURCE=1 -D_REENTRANT -I/usr/include -L/usr/lib/ -L/usr/lib/x86_64-linux-gnu -lSDL conftest.c -lsamplerate   >&5
/usr/bin/ld: cannot find -lsamplerate
collect2: error: ld returned 1 exit status
configure:4080: $? = 1
configure: failed program was:
| /* confdefs.h */
| #define PACKAGE_NAME "Competition Doom"
| #define PACKAGE_TARNAME "cndoom"
| #define PACKAGE_VERSION "2.0.3.1"
| #define PACKAGE_STRING "Competition Doom 2.0.3.1"
| #define PACKAGE_BUGREPORT "admin@doom.com.hr"
| #define PACKAGE_URL ""
| #define STDC_HEADERS 1
| #define HAVE_SYS_TYPES_H 1
| #define HAVE_SYS_STAT_H 1
| #define HAVE_STDLIB_H 1
| #define HAVE_STRING_H 1
| #define HAVE_MEMORY_H 1
| #define HAVE_STRINGS_H 1
| #define HAVE_INTTYPES_H 1
| #define HAVE_STDINT_H 1
| #define HAVE_UNISTD_H 1
| /* end confdefs.h.  */
| 
| /* Override any GCC internal prototype to avoid an error.
|    Use char because int might match the return type of a GCC
|    builtin and then its argument prototype would still apply.  */
| #ifdef __cplusplus
| extern "C"
| #endif
| char src_new ();
| int
| main ()
| {
| return src_new ();
|   ;
|   return 0;
| }
configure:4089: result: no
configure:4110: checking for zlibVersion in -lz
configure:4135: gcc -o conftest -O2 -g -Wall -Wdeclaration-after-statement -Wredundant-decls  -I/usr/include/SDL -D_GNU_SOURCE=1 -D_REENTRANT -I/usr/include -L/usr/lib/ -L/usr/lib/x86_64-linux-gnu -lSDL conftest.c -lz   >&5
configure:4135: $? = 0
configure:4144: result: yes
configure:4155: checking for png_get_io_ptr in -lpng
configure:4180: gcc -o conftest -O2 -g -Wall -Wdeclaration-after-statement -Wredundant-decls  -I/usr/include/SDL -D_GNU_SOURCE=1 -D_REENTRANT -I/usr/include -L/usr/lib/ -L/usr/lib/x86_64-linux-gnu -lSDL conftest.c -lpng  -lz  >&5
configure:4180: $? = 0
configure:4189: result: yes
configure:4203: checking for log in -lm
configure:4228: gcc -o conftest -O2 -g -Wall -Wdeclaration-after-statement -Wredundant-decls  -I/usr/include/SDL -D_GNU_SOURCE=1 -D_REENTRANT -I/usr/include -L/usr/lib/ -L/usr/lib/x86_64-linux-gnu -lSDL conftest.c -lm  -lpng -lz  >&5
conftest.c:28:6: warning: conflicting types for built-in function 'log'
 char log ();
      ^
configure:4228: $? = 0
configure:4237: result: yes
configure:4252: checking linux/kd.h usability
configure:4252: gcc -c -O2 -g -Wall -Wdeclaration-after-statement -Wredundant-decls  -I/usr/include/SDL -D_GNU_SOURCE=1 -D_REENTRANT -I/usr/include conftest.c >&5
configure:4252: $? = 0
configure:4252: result: yes
configure:4252: checking linux/kd.h presence
configure:4252: gcc -E -I/usr/include conftest.c
configure:4252: $? = 0
configure:4252: result: yes
configure:4252: checking for linux/kd.h
configure:4252: result: yes
configure:4252: checking dev/isa/spkrio.h usability
configure:4252: gcc -c -O2 -g -Wall -Wdeclaration-after-statement -Wredundant-decls  -I/usr/include/SDL -D_GNU_SOURCE=1 -D_REENTRANT -I/usr/include conftest.c >&5
conftest.c:56:28: fatal error: dev/isa/spkrio.h: No such file or directory
 #include <dev/isa/spkrio.h>
                            ^
compilation terminated.
configure:4252: $? = 1
configure: failed program was:
| /* confdefs.h */
| #define PACKAGE_NAME "Competition Doom"
| #define PACKAGE_TARNAME "cndoom"
| #define PACKAGE_VERSION "2.0.3.1"
| #define PACKAGE_STRING "Competition Doom 2.0.3.1"
| #define PACKAGE_BUGREPORT "admin@doom.com.hr"
| #define PACKAGE_URL ""
| #define STDC_HEADERS 1
| #define HAVE_SYS_TYPES_H 1
| #define HAVE_SYS_STAT_H 1
| #define HAVE_STDLIB_H 1
| #define HAVE_STRING_H 1
| #define HAVE_MEMORY_H 1
| #define HAVE_STRINGS_H 1
| #define HAVE_INTTYPES_H 1
| #define HAVE_STDINT_H 1
| #define HAVE_UNISTD_H 1
| #define HAVE_LIBZ 1
| #define HAVE_LIBPNG 1
| #define HAVE_LIBM 1
| #define HAVE_LINUX_KD_H 1
| /* end confdefs.h.  */
| #include <stdio.h>
| #ifdef HAVE_SYS_TYPES_H
| # include <sys/types.h>
| #endif
| #ifdef HAVE_SYS_STAT_H
| # include <sys/stat.h>
| #endif
| #ifdef STDC_HEADERS
| # include <stdlib.h>
| # include <stddef.h>
| #else
| # ifdef HAVE_STDLIB_H
| #  include <stdlib.h>
| # endif
| #endif
| #ifdef HAVE_STRING_H
| # if !defined STDC_HEADERS && defined HAVE_MEMORY_H
| #  include <memory.h>
| # endif
| # include <string.h>
| #endif
| #ifdef HAVE_STRINGS_H
| # include <strings.h>
| #endif
| #ifdef HAVE_INTTYPES_H
| # include <inttypes.h>
| #endif
| #ifdef HAVE_STDINT_H
| # include <stdint.h>
| #endif
| #ifdef HAVE_UNISTD_H
| # include <unistd.h>
| #endif
| #include <dev/isa/spkrio.h>
configure:4252: result: no
configure:4252: checking dev/isa/spkrio.h presence
configure:4252: gcc -E -I/usr/include conftest.c
conftest.c:23:28: fatal error: dev/isa/spkrio.h: No such file or directory
 #include <dev/isa/spkrio.h>
                            ^
compilation terminated.
configure:4252: $? = 1
configure: failed program was:
| /* confdefs.h */
| #define PACKAGE_NAME "Competition Doom"
| #define PACKAGE_TARNAME "cndoom"
| #define PACKAGE_VERSION "2.0.3.1"
| #define PACKAGE_STRING "Competition Doom 2.0.3.1"
| #define PACKAGE_BUGREPORT "admin@doom.com.hr"
| #define PACKAGE_URL ""
| #define STDC_HEADERS 1
| #define HAVE_SYS_TYPES_H 1
| #define HAVE_SYS_STAT_H 1
| #define HAVE_STDLIB_H 1
| #define HAVE_STRING_H 1
| #define HAVE_MEMORY_H 1
| #define HAVE_STRINGS_H 1
| #define HAVE_INTTYPES_H 1
| #define HAVE_STDINT_H 1
| #define HAVE_UNISTD_H 1
| #define HAVE_LIBZ 1
| #define HAVE_LIBPNG 1
| #define HAVE_LIBM 1
| #define HAVE_LINUX_KD_H 1
| /* end confdefs.h.  */
| #include <dev/isa/spkrio.h>
configure:4252: result: no
configure:4252: checking for dev/isa/spkrio.h
configure:4252: result: no
configure:4252: checking dev/speaker/speaker.h usability
configure:4252: gcc -c -O2 -g -Wall -Wdeclaration-after-statement -Wredundant-decls  -I/usr/include/SDL -D_GNU_SOURCE=1 -D_REENTRANT -I/usr/include conftest.c >&5
conftest.c:56:33: fatal error: dev/speaker/speaker.h: No such file or directory
 #include <dev/speaker/speaker.h>
                                 ^
compilation terminated.
configure:4252: $? = 1
configure: failed program was:
| /* confdefs.h */
| #define PACKAGE_NAME "Competition Doom"
| #define PACKAGE_TARNAME "cndoom"
| #define PACKAGE_VERSION "2.0.3.1"
| #define PACKAGE_STRING "Competition Doom 2.0.3.1"
| #define PACKAGE_BUGREPORT "admin@doom.com.hr"
| #define PACKAGE_URL ""
| #define STDC_HEADERS 1
| #define HAVE_SYS_TYPES_H 1
| #define HAVE_SYS_STAT_H 1
| #define HAVE_STDLIB_H 1
| #define HAVE_STRING_H 1
| #define HAVE_MEMORY_H 1
| #define HAVE_STRINGS_H 1
| #define HAVE_INTTYPES_H 1
| #define HAVE_STDINT_H 1
| #define HAVE_UNISTD_H 1
| #define HAVE_LIBZ 1
| #define HAVE_LIBPNG 1
| #define HAVE_LIBM 1
| #define HAVE_LINUX_KD_H 1
| /* end confdefs.h.  */
| #include <stdio.h>
| #ifdef HAVE_SYS_TYPES_H
| # include <sys/types.h>
| #endif
| #ifdef HAVE_SYS_STAT_H
| # include <sys/stat.h>
| #endif
| #ifdef STDC_HEADERS
| # include <stdlib.h>
| # include <stddef.h>
| #else
| # ifdef HAVE_STDLIB_H
| #  include <stdlib.h>
| # endif
| #endif
| #ifdef HAVE_STRING_H
| # if !defined STDC_HEADERS && defined HAVE_MEMORY_H
| #  include <memory.h>
| # endif
| # include <string.h>
| #endif
| #ifdef HAVE_STRINGS_H
| # include <strings.h>
| #endif
| #ifdef HAVE_INTTYPES_H
| # include <inttypes.h>
| #endif
| #ifdef HAVE_STDINT_H
| # include <stdint.h>
| #endif
| #ifdef HAVE_UNISTD_H
| # include <unistd.h>
| #endif
| #include <dev/speaker/speaker.h>
configure:4252: result: no
configure:4252: checking dev/speaker/speaker.h presence
configure:4252: gcc -E -I/usr/include conftest.c
conftest.c:23:33: fatal error: dev/speaker/speaker.h: No such file or directory
 #include <dev/speaker/speaker.h>
                                 ^
compilation terminated.
configure:4252: $? = 1
configure: failed program was:
| /* confdefs.h */
| #define PACKAGE_NAME "Competition Doom"
| #define PACKAGE_TARNAME "cndoom"
| #define PACKAGE_VERSION "2.0.3.1"
| #define PACKAGE_STRING "Competition Doom 2.0.3.1"
| #define PACKAGE_BUGREPORT "admin@doom.com.hr"
| #define PACKAGE_URL ""
| #define STDC_HEADERS 1
| #define HAVE_SYS_TYPES_H 1
| #define HAVE_SYS_STAT_H 1
| #define HAVE_STDLIB_H 1
| #define HAVE_STRING_H 1
| #define HAVE_MEMORY_H 1
| #define HAVE_STRINGS_H 1
| #define HAVE_INTTYPES_H 1
| #define HAVE_STDINT_H 1
| #define HAVE_UNISTD_H 1
| #define HAVE_LIBZ 1
| #define HAVE_LIBPNG 1
| #define HAVE_LIBM 1
| #define HAVE_LINUX_KD_H 1
| /* end confdefs.h.  */
| #include <dev/speaker/speaker.h>
configure:4252: result: no
configure:4252: checking for dev/speaker/speaker.h
configure:4252: result: no
configure:4265: checking for mmap
configure:4265: gcc -o conftest -O2 -g -Wall -Wdeclaration-after-statement -Wredundant-decls  -I/usr/include/SDL -D_GNU_SOURCE=1 -D_REENTRANT -I/usr/include -L/usr/lib/ -L/usr/lib/x86_64-linux-gnu -lSDL conftest.c -lm -lpng -lz  >&5
configure:4265: $? = 0
configure:4265: result: yes
configure:4265: checking for sched_setaffinity
configure:4265: gcc -o conftest -O2 -g -Wall -Wdeclaration-after-statement -Wredundant-decls  -I/usr/include/SDL -D_GNU_SOURCE=1 -D_REENTRANT -I/usr/include -L/usr/lib/ -L/usr/lib/x86_64-linux-gnu -lSDL conftest.c -lm -lpng -lz  >&5
configure:4265: $? = 0
configure:4265: result: yes
configure:4265: checking for ioperm
configure:4265: gcc -o conftest -O2 -g -Wall -Wdeclaration-after-statement -Wredundant-decls  -I/usr/include/SDL -D_GNU_SOURCE=1 -D_REENTRANT -I/usr/include -L/usr/lib/ -L/usr/lib/x86_64-linux-gnu -lSDL conftest.c -lm -lpng -lz  >&5
configure:4265: $? = 0
configure:4265: result: yes
configure:4278: checking for i386_iopl in -li386
configure:4303: gcc -o conftest -O2 -g -Wall -Wdeclaration-after-statement -Wredundant-decls  -I/usr/include/SDL -D_GNU_SOURCE=1 -D_REENTRANT -I/usr/include -L/usr/lib/ -L/usr/lib/x86_64-linux-gnu -lSDL conftest.c -li386  -lm -lpng -lz  >&5
/usr/bin/ld: cannot find -li386
collect2: error: ld returned 1 exit status
configure:4303: $? = 1
configure: failed program was:
| /* confdefs.h */
| #define PACKAGE_NAME "Competition Doom"
| #define PACKAGE_TARNAME "cndoom"
| #define PACKAGE_VERSION "2.0.3.1"
| #define PACKAGE_STRING "Competition Doom 2.0.3.1"
| #define PACKAGE_BUGREPORT "admin@doom.com.hr"
| #define PACKAGE_URL ""
| #define STDC_HEADERS 1
| #define HAVE_SYS_TYPES_H 1
| #define HAVE_SYS_STAT_H 1
| #define HAVE_STDLIB_H 1
| #define HAVE_STRING_H 1
| #define HAVE_MEMORY_H 1
| #define HAVE_STRINGS_H 1
| #define HAVE_INTTYPES_H 1
| #define HAVE_STDINT_H 1
| #define HAVE_UNISTD_H 1
| #define HAVE_LIBZ 1
| #define HAVE_LIBPNG 1
| #define HAVE_LIBM 1
| #define HAVE_LINUX_KD_H 1
| #define HAVE_MMAP 1
| #define HAVE_SCHED_SETAFFINITY 1
| #define HAVE_IOPERM 1
| /* end confdefs.h.  */
| 
| /* Override any GCC internal prototype to avoid an error.
|    Use char because int might match the return type of a GCC
|    builtin and then its argument prototype would still apply.  */
| #ifdef __cplusplus
| extern "C"
| #endif
| char i386_iopl ();
| int
| main ()
| {
| return i386_iopl ();
|   ;
|   return 0;
| }
configure:4312: result: no
configure:4323: checking for amd64_iopl in -lamd64
configure:4348: gcc -o conftest -O2 -g -Wall -Wdeclaration-after-statement -Wredundant-decls  -I/usr/include/SDL -D_GNU_SOURCE=1 -D_REENTRANT -I/usr/include -L/usr/lib/ -L/usr/lib/x86_64-linux-gnu -lSDL conftest.c -lamd64  -lm -lpng -lz  >&5
/usr/bin/ld: cannot find -lamd64
collect2: error: ld returned 1 exit status
configure:4348: $? = 1
configure: failed program was:
| /* confdefs.h */
| #define PACKAGE_NAME "Competition Doom"
| #define PACKAGE_TARNAME "cndoom"
| #define PACKAGE_VERSION "2.0.3.1"
| #define PACKAGE_STRING "Competition Doom 2.0.3.1"
| #define PACKAGE_BUGREPORT "admin@doom.com.hr"
| #define PACKAGE_URL ""
| #define STDC_HEADERS 1
| #define HAVE_SYS_TYPES_H 1
| #define HAVE_SYS_STAT_H 1
| #define HAVE_STDLIB_H 1
| #define HAVE_STRING_H 1
| #define HAVE_MEMORY_H 1
| #define HAVE_STRINGS_H 1
| #define HAVE_INTTYPES_H 1
| #define HAVE_STDINT_H 1
| #define HAVE_UNISTD_H 1
| #define HAVE_LIBZ 1
| #define HAVE_LIBPNG 1
| #define HAVE_LIBM 1
| #define HAVE_LINUX_KD_H 1
| #define HAVE_MMAP 1
| #define HAVE_SCHED_SETAFFINITY 1
| #define HAVE_IOPERM 1
| /* end confdefs.h.  */
| 
| /* Override any GCC internal prototype to avoid an error.
|    Use char because int might match the return type of a GCC
|    builtin and then its argument prototype would still apply.  */
| #ifdef __cplusplus
| extern "C"
| #endif
| char amd64_iopl ();
| int
| main ()
| {
| return amd64_iopl ();
|   ;
|   return 0;
| }
configure:4357: result: no
configure:4416: checking for windres
configure:4446: result: no
configure:4508: checking for strip
configure:4524: found /usr/bin/strip
configure:4535: result: strip
configure:4592: checking for a BSD-compatible install
configure:4660: result: /usr/bin/install -c
configure:4671: checking whether build environment is sane
configure:4726: result: yes
configure:4874: checking for a thread-safe mkdir -p
configure:4913: result: /bin/mkdir -p
configure:4920: checking for gawk
configure:4950: result: no
configure:4920: checking for mawk
configure:4936: found /usr/bin/mawk
configure:4947: result: mawk
configure:4958: checking whether make sets $(MAKE)
configure:4980: result: yes
configure:5010: checking for style of include used by make
configure:5038: result: GNU
configure:5072: checking whether make supports nested variables
configure:5089: result: yes
configure:5174: checking dependency style of gcc
configure:5285: result: gcc3
configure:5354: checking whether make supports nested variables
configure:5371: result: yes
configure:5537: checking that generated files are newer than configure
configure:5543: result: done
configure:5566: creating ./config.status

## ---------------------- ##
## Running config.status. ##
## ---------------------- ##

This file was extended by Competition Doom config.status 2.0.3.1, which was
generated by GNU Autoconf 2.69.  Invocation command line was

  CONFIG_FILES    = 
  CONFIG_HEADERS  = 
  CONFIG_LINKS    = 
  CONFIG_COMMANDS = 
  $ ./config.status 

on debian

config.status:909: creating Makefile
config.status:909: creating man/Makefile
config.status:909: creating opl/Makefile
config.status:909: creating opl/examples/Makefile
config.status:909: creating pcsound/Makefile
config.status:909: creating pkg/Makefile
config.status:909: creating pkg/config.make
config.status:909: creating pkg/osx/Info-gnustep.plist
config.status:909: creating pkg/osx/Info.plist
config.status:909: creating rpm.spec
config.status:909: creating data/Makefile
config.status:909: creating src/Makefile
config.status:909: creating src/doom.desktop
config.status:909: creating src/doom-screensaver.desktop
config.status:909: creating src/doom/Makefile
config.status:909: creating src/heretic.desktop
config.status:909: creating src/heretic/Makefile
config.status:909: creating src/hexen.desktop
config.status:909: creating src/hexen/Makefile
config.status:909: creating src/resource.rc
config.status:909: creating src/setup-res.rc
config.status:909: creating src/setup/Makefile
config.status:909: creating src/setup/setup.desktop
config.status:909: creating src/setup/setup-manifest.xml
config.status:909: creating src/strife.desktop
config.status:909: creating src/strife/Makefile
config.status:909: creating textscreen/Makefile
config.status:909: creating textscreen/examples/Makefile
config.status:909: creating config.h
config.status:1055: config.h is unchanged
config.status:1103: executing depfiles commands

## ---------------- ##
## Cache variables. ##
## ---------------- ##

ac_cv_c_compiler_gnu=yes
ac_cv_env_CC_set=
ac_cv_env_CC_value=
ac_cv_env_CFLAGS_set=
ac_cv_env_CFLAGS_value=
ac_cv_env_CPPFLAGS_set=set
ac_cv_env_CPPFLAGS_value=-I/usr/include
ac_cv_env_CPP_set=
ac_cv_env_CPP_value=
ac_cv_env_LDFLAGS_set=set
ac_cv_env_LDFLAGS_value=-L/usr/lib/
ac_cv_env_LIBS_set=
ac_cv_env_LIBS_value=
ac_cv_env_build_alias_set=
ac_cv_env_build_alias_value=
ac_cv_env_host_alias_set=
ac_cv_env_host_alias_value=
ac_cv_env_target_alias_set=
ac_cv_env_target_alias_value=
ac_cv_func_ioperm=yes
ac_cv_func_mmap=yes
ac_cv_func_sched_setaffinity=yes
ac_cv_header_dev_isa_spkrio_h=no
ac_cv_header_dev_speaker_speaker_h=no
ac_cv_header_inttypes_h=yes
ac_cv_header_linux_kd_h=yes
ac_cv_header_memory_h=yes
ac_cv_header_stdc=yes
ac_cv_header_stdint_h=yes
ac_cv_header_stdlib_h=yes
ac_cv_header_string_h=yes
ac_cv_header_strings_h=yes
ac_cv_header_sys_stat_h=yes
ac_cv_header_sys_types_h=yes
ac_cv_header_unistd_h=yes
ac_cv_lib_SDL_mixer_Mix_LoadMUS=yes
ac_cv_lib_SDL_net_SDLNet_UDP_Send=yes
ac_cv_lib_amd64_amd64_iopl=no
ac_cv_lib_i386_i386_iopl=no
ac_cv_lib_m_log=yes
ac_cv_lib_png_png_get_io_ptr=yes
ac_cv_lib_samplerate_src_new=no
ac_cv_lib_z_zlibVersion=yes
ac_cv_objext=o
ac_cv_path_EGREP='/bin/grep -E'
ac_cv_path_GREP=/bin/grep
ac_cv_path_SDL_CONFIG=/usr/bin/sdl-config
ac_cv_path_install='/usr/bin/install -c'
ac_cv_path_mkdir=/bin/mkdir
ac_cv_prog_AWK=mawk
ac_cv_prog_CPP='gcc -E'
ac_cv_prog_HAVE_PYTHON=true
ac_cv_prog_ac_ct_CC=gcc
ac_cv_prog_ac_ct_RANLIB=ranlib
ac_cv_prog_ac_ct_STRIP=strip
ac_cv_prog_cc_c89=
ac_cv_prog_cc_g=yes
ac_cv_prog_make_make_set=yes
am_cv_CC_dependencies_compiler_type=gcc3
am_cv_make_support_nested_variables=yes
am_cv_prog_cc_c_o=yes

## ----------------- ##
## Output variables. ##
## ----------------- ##

ACLOCAL='${SHELL} /root/cndoom-2.0.3.1/autotools/missing aclocal-1.14'
AMDEPBACKSLASH='\'
AMDEP_FALSE='#'
AMDEP_TRUE=''
AMTAR='$${TAR-tar}'
AM_BACKSLASH='\'
AM_DEFAULT_V='$(AM_DEFAULT_VERBOSITY)'
AM_DEFAULT_VERBOSITY='0'
AM_V='$(V)'
AUTOCONF='${SHELL} /root/cndoom-2.0.3.1/autotools/missing autoconf'
AUTOHEADER='${SHELL} /root/cndoom-2.0.3.1/autotools/missing autoheader'
AUTOMAKE='${SHELL} /root/cndoom-2.0.3.1/autotools/missing automake-1.14'
AWK='mawk'
CC='gcc'
CCDEPMODE='depmode=gcc3'
CFLAGS='-O2 -g -Wall -Wdeclaration-after-statement -Wredundant-decls  -I/usr/include/SDL -D_GNU_SOURCE=1 -D_REENTRANT'
CPP='gcc -E'
CPPFLAGS='-I/usr/include'
CYGPATH_W='echo'
DEFS='-DHAVE_CONFIG_H'
DEPDIR='.deps'
ECHO_C=''
ECHO_N='-n'
ECHO_T=''
EGREP='/bin/grep -E'
EXEEXT=''
GREP='/bin/grep'
HAVE_PYTHON='true'
HAVE_PYTHON_FALSE='#'
HAVE_PYTHON_TRUE=''
HAVE_WINDRES_FALSE=''
HAVE_WINDRES_TRUE='#'
INSTALL_DATA='${INSTALL} -m 644'
INSTALL_PROGRAM='${INSTALL}'
INSTALL_SCRIPT='${INSTALL}'
INSTALL_STRIP_PROGRAM='$(install_sh) -c -s'
LDFLAGS='-L/usr/lib/ -L/usr/lib/x86_64-linux-gnu -lSDL'
LIBOBJS=''
LIBS='-lm -lpng -lz '
LTLIBOBJS=''
MAKEINFO='${SHELL} /root/cndoom-2.0.3.1/autotools/missing makeinfo'
MKDIR_P='/bin/mkdir -p'
OBJEXT='o'
PACKAGE='cndoom'
PACKAGE_BUGREPORT='admin@doom.com.hr'
PACKAGE_COPYRIGHT='Copyright (C) 1993-2015'
PACKAGE_LICENSE='GNU General Public License, version 2'
PACKAGE_MAINTAINER='Zvonimir Buzanic'
PACKAGE_NAME='Competition Doom'
PACKAGE_SHORTDESC='Conservative source port'
PACKAGE_SHORTNAME='Competition'
PACKAGE_STRING='Competition Doom 2.0.3.1'
PACKAGE_TARNAME='cndoom'
PACKAGE_URL='http://www.doom.com.hr/'
PACKAGE_VERSION='2.0.3.1'
PATH_SEPARATOR=':'
PROGRAM_PREFIX='cn'
RANLIB='ranlib'
SDLMIXER_CFLAGS=''
SDLMIXER_LIBS=' -lSDL_mixer'
SDLNET_CFLAGS=''
SDLNET_LIBS=' -lSDL_net'
SDL_CFLAGS='-I/usr/include/SDL -D_GNU_SOURCE=1 -D_REENTRANT'
SDL_CONFIG='/usr/bin/sdl-config'
SDL_LIBS='-L/usr/lib/x86_64-linux-gnu -lSDL'
SET_MAKE=''
SHELL='/bin/bash'
STRIP='strip'
VERSION='2.0.3.1'
WINDOWS_RC_VERSION='2, 0, 3, 1'
WINDRES=''
ac_aux_dir='autotools'
ac_ct_CC='gcc'
am__EXEEXT_FALSE=''
am__EXEEXT_TRUE='#'
am__fastdepCC_FALSE='#'
am__fastdepCC_TRUE=''
am__include='include'
am__isrc=''
am__leading_dot='.'
am__nodep='_no'
am__quote=''
am__tar='$${TAR-tar} chof - "$$tardir"'
am__untar='$${TAR-tar} xf -'
bindir='${exec_prefix}/bin'
build_alias=''
datadir='${datarootdir}'
datarootdir='${prefix}/share'
docdir='${datarootdir}/doc/${PACKAGE_TARNAME}'
dvidir='${docdir}'
exec_prefix='${prefix}'
host_alias=''
htmldir='${docdir}'
includedir='${prefix}/include'
infodir='${datarootdir}/info'
install_sh='${SHELL} /root/cndoom-2.0.3.1/autotools/install-sh'
libdir='${exec_prefix}/lib'
libexecdir='${exec_prefix}/libexec'
localedir='${datarootdir}/locale'
localstatedir='${prefix}/var'
mandir='${datarootdir}/man'
mkdir_p='$(MKDIR_P)'
oldincludedir='/usr/include'
pdfdir='${docdir}'
prefix='/usr/local'
program_transform_name='s,x,x,'
psdir='${docdir}'
sbindir='${exec_prefix}/sbin'
sharedstatedir='${prefix}/com'
sysconfdir='${prefix}/etc'
target_alias=''

## ----------- ##
## confdefs.h. ##
## ----------- ##

/* confdefs.h */
#define PACKAGE_NAME "Competition Doom"
#define PACKAGE_TARNAME "cndoom"
#define PACKAGE_VERSION "2.0.3.1"
#define PACKAGE_STRING "Competition Doom 2.0.3.1"
#define PACKAGE_BUGREPORT "admin@doom.com.hr"
#define PACKAGE_URL ""
#define STDC_HEADERS 1
#define HAVE_SYS_TYPES_H 1
#define HAVE_SYS_STAT_H 1
#define HAVE_STDLIB_H 1
#define HAVE_STRING_H 1
#define HAVE_MEMORY_H 1
#define HAVE_STRINGS_H 1
#define HAVE_INTTYPES_H 1
#define HAVE_STDINT_H 1
#define HAVE_UNISTD_H 1
#define HAVE_LIBZ 1
#define HAVE_LIBPNG 1
#define HAVE_LIBM 1
#define HAVE_LINUX_KD_H 1
#define HAVE_MMAP 1
#define HAVE_SCHED_SETAFFINITY 1
#define HAVE_IOPERM 1
#define PACKAGE "cndoom"
#define VERSION "2.0.3.1"
#define PROGRAM_PREFIX "cn"

configure: exit 0
